*** Using Compiler 'V5.06 update 6 (build 750)', folder: 'C:\Program Files\Keil_v5\ARM\ARMCC\Bin'
Build target 'MCU Code'
assembling startup_stm32f103xe.s...
compiling adc.c...
compiling dma.c...
compiling gpio.c...
compiling dac.c...
compiling main.c...
compiling usart.c...
compiling tim.c...
compiling stm32f1xx_hal_msp.c...
compiling stm32f1xx_it.c...
compiling stm32f1xx_hal_gpio_ex.c...
compiling stm32f1xx_hal.c...
compiling stm32f1xx_hal_rcc_ex.c...
compiling stm32f1xx_hal_adc.c...
compiling stm32f1xx_hal_adc_ex.c...
compiling stm32f1xx_hal_rcc.c...
compiling stm32f1xx_hal_flash.c...
compiling stm32f1xx_hal_gpio.c...
compiling stm32f1xx_hal_pwr.c...
compiling stm32f1xx_hal_dma.c...
compiling stm32f1xx_hal_cortex.c...
compiling stm32f1xx_hal_dac.c...
compiling stm32f1xx_hal_flash_ex.c...
compiling stm32f1xx_hal_dac_ex.c...
compiling stm32f1xx_hal_exti.c...
compiling stm32f1xx_hal_tim.c...
compiling system_stm32f1xx.c...
compiling stm32f1xx_hal_uart.c...
compiling stm32f1xx_hal_tim_ex.c...
linking...
Program Size: Code=7860 RO-data=360 RW-data=120 ZI-data=1464  
FromELF: creating hex file...
"MCU Code\MCU Code.axf" - 0 Error(s), 0 Warning(s).
Build Time Elapsed:  00:00:18
